0 info it worked if it ends with ok
1 verbose cli [ '/usr/local/bin/node', '/usr/local/bin/npm', 'start' ]
2 info using npm@6.1.0
3 info using node@v10.6.0
4 verbose run-script [ 'prestart', 'start', 'poststart' ]
5 info lifecycle app-test@0.1.0~prestart: app-test@0.1.0
6 info lifecycle app-test@0.1.0~start: app-test@0.1.0
7 verbose lifecycle app-test@0.1.0~start: unsafe-perm in lifecycle true
8 verbose lifecycle app-test@0.1.0~start: PATH: /usr/local/lib/node_modules/npm/node_modules/npm-lifecycle/node-gyp-bin:/Users/abhishangaupadhyay/app-test/node_modules/.bin:/Users/abhishangaupadhyay/.rbenv/bin:/usr/local/var/rbenv/shims:/Users/abhishangaupadhyay/.rvm/gems/ruby-2.2.2/bin:/Users/abhishangaupadhyay/.rvm/gems/ruby-2.2.2@global/bin:/Users/abhishangaupadhyay/.rvm/rubies/ruby-2.2.2/bin:/usr/local/bin:/usr/bin:/bin:/usr/sbin:/sbin:/Users/abhishangaupadhyay/.rvm/bin
9 verbose lifecycle app-test@0.1.0~start: CWD: /Users/abhishangaupadhyay/app-test
10 silly lifecycle app-test@0.1.0~start: Args: [ '-c', 'react-native-scripts start' ]
11 silly lifecycle app-test@0.1.0~start: Returned: code: 1  signal: null
12 info lifecycle app-test@0.1.0~start: Failed to exec start script
13 verbose stack Error: app-test@0.1.0 start: `react-native-scripts start`
13 verbose stack Exit status 1
13 verbose stack     at EventEmitter.<anonymous> (/usr/local/lib/node_modules/npm/node_modules/npm-lifecycle/index.js:304:16)
13 verbose stack     at EventEmitter.emit (events.js:182:13)
13 verbose stack     at ChildProcess.<anonymous> (/usr/local/lib/node_modules/npm/node_modules/npm-lifecycle/lib/spawn.js:55:14)
13 verbose stack     at ChildProcess.emit (events.js:182:13)
13 verbose stack     at maybeClose (internal/child_process.js:961:16)
13 verbose stack     at Process.ChildProcess._handle.onexit (internal/child_process.js:248:5)
14 verbose pkgid app-test@0.1.0
15 verbose cwd /Users/abhishangaupadhyay/app-test
16 verbose Darwin 17.5.0
17 verbose argv "/usr/local/bin/node" "/usr/local/bin/npm" "start"
18 verbose node v10.6.0
19 verbose npm  v6.1.0
20 error code ELIFECYCLE
21 error errno 1
22 error app-test@0.1.0 start: `react-native-scripts start`
22 error Exit status 1
23 error Failed at the app-test@0.1.0 start script.
23 error This is probably not a problem with npm. There is likely additional logging output above.
24 verbose exit [ 1, true ]
